<?xml version="1.0" encoding="UTF-8"?>
<!-- Generated by org.testng.reporters.JUnitReportReporter -->
<testsuite hostname="hohoho" failures="2" tests="19" name="org.example.testRunner.Runners" time="62.728" errors="1" timestamp="2022-11-13T22:30:11 EET" skipped="0">
  <testcase classname="org.example.testRunner.Runners" name="runScenario" time="4.737"/>
  <system-out/>
  <testcase classname="org.example.testRunner.Runners" name="runScenario" time="3.009"/>
  <system-out/>
  <testcase classname="org.example.testRunner.Runners" name="runScenario" time="3.893"/>
  <system-out/>
  <testcase classname="org.example.testRunner.Runners" name="runScenario" time="3.402"/>
  <system-out/>
  <testcase classname="org.example.testRunner.Runners" name="runScenario" time="2.394"/>
  <system-out/>
  <testcase classname="org.example.testRunner.Runners" name="runScenario" time="2.440"/>
  <system-out/>
  <testcase classname="org.example.testRunner.Runners" name="runScenario" time="2.968"/>
  <system-out/>
  <testcase classname="org.example.testRunner.Runners" name="runScenario" time="4.074"/>
  <system-out/>
  <testcase classname="org.example.testRunner.Runners" name="runScenario" time="4.632"/>
  <system-out/>
  <testcase classname="org.example.testRunner.Runners" name="runScenario" time="2.390">
    <error message="Index 1 out of bounds for length 1" type="java.lang.IndexOutOfBoundsException">
      <![CDATA[java.lang.IndexOutOfBoundsException: Index 1 out of bounds for length 1
at java.base/jdk.internal.util.Preconditions.outOfBounds(Preconditions.java:100)
at java.base/jdk.internal.util.Preconditions.outOfBoundsCheckIndex(Preconditions.java:106)
at java.base/jdk.internal.util.Preconditions.checkIndex(Preconditions.java:302)
at java.base/java.util.Objects.checkIndex(Objects.java:385)
at java.base/java.util.ArrayList.get(ArrayList.java:427)
at org.example.stepDefinitions.D07_followUsStepDef.user(D07_followUsStepDef.java:21)
at ✽."https://demo.nopcommerce.com/new-online-store-is-open" is opened in new tab(file:///C:/Users/pc/Desktop/ecommerce_cucumber_automation_project/src/main/resources/features/F07_followUs.feature:11)
]]>
    </error>
  </testcase> <!-- runScenario -->
  <system-out/>
  <testcase classname="org.example.testRunner.Runners" name="runScenario" time="3.714"/>
  <system-out/>
  <testcase classname="org.example.testRunner.Runners" name="runScenario" time="2.486">
    <failure message="expected [https://demo.nopcommerce.com/nokia-lumia-1020] but found [https://demo.nopcommerce.com/]" type="java.lang.AssertionError">
      <![CDATA[java.lang.AssertionError: expected [https://demo.nopcommerce.com/nokia-lumia-1020] but found [https://demo.nopcommerce.com/]
at org.testng.Assert.fail(Assert.java:110)
at org.testng.Assert.failNotEquals(Assert.java:1413)
at org.testng.Assert.assertEqualsImpl(Assert.java:149)
at org.testng.Assert.assertEquals(Assert.java:131)
at org.testng.Assert.assertEquals(Assert.java:655)
at org.testng.Assert.assertEquals(Assert.java:665)
at org.example.stepDefinitions.D06_homeSlidersStepDef.the_user_should_be_directed_to_the_correct_nokia_product(D06_homeSlidersStepDef.java:21)
at ✽.the user should be directed to the correct nokia product(file:///C:/Users/pc/Desktop/ecommerce_cucumber_automation_project/src/main/resources/features/F06_homeSliders.feature:5)
]]>
    </failure>
  </testcase> <!-- runScenario -->
  <system-out/>
  <testcase classname="org.example.testRunner.Runners" name="runScenario" time="3.821"/>
  <system-out/>
  <testcase classname="org.example.testRunner.Runners" name="runScenario" time="2.479">
    <failure message="expected [https://demo.nopcommerce.com/iphone-6] but found [https://demo.nopcommerce.com/]" type="java.lang.AssertionError">
      <![CDATA[java.lang.AssertionError: expected [https://demo.nopcommerce.com/iphone-6] but found [https://demo.nopcommerce.com/]
at org.testng.Assert.fail(Assert.java:110)
at org.testng.Assert.failNotEquals(Assert.java:1413)
at org.testng.Assert.assertEqualsImpl(Assert.java:149)
at org.testng.Assert.assertEquals(Assert.java:131)
at org.testng.Assert.assertEquals(Assert.java:655)
at org.testng.Assert.assertEquals(Assert.java:665)
at org.example.stepDefinitions.D06_homeSlidersStepDef.the_user_should_be_directed_to_the_correct_iphone_product(D06_homeSlidersStepDef.java:32)
at ✽.the user should be directed to the correct iphone product(file:///C:/Users/pc/Desktop/ecommerce_cucumber_automation_project/src/main/resources/features/F06_homeSliders.feature:8)
]]>
    </failure>
  </testcase> <!-- runScenario -->
  <system-out/>
  <testcase classname="org.example.testRunner.Runners" name="runScenario" time="2.442"/>
  <system-out/>
  <testcase classname="org.example.testRunner.Runners" name="runScenario" time="5.830"/>
  <system-out/>
  <testcase classname="org.example.testRunner.Runners" name="runScenario" time="2.058"/>
  <system-out/>
  <testcase classname="org.example.testRunner.Runners" name="runScenario" time="3.917"/>
  <system-out/>
  <testcase classname="org.example.testRunner.Runners" name="runScenario" time="2.042"/>
  <system-out/>
</testsuite> <!-- org.example.testRunner.Runners -->
